<?xml version="1.0" encoding="UTF-8"?>
<!-- Generated by org.testng.reporters.JUnitReportReporter -->
<testsuite hostname="TYSS-Piyush-Baldaniya" failures="0" tests="10" name="testng_extra.SampleTest" time="61.978" errors="0" timestamp="2026-04-28T16:28:42 IST" skipped="0">
  <testcase classname="testng_extra.SampleTest" name="chrome" time="7.190"/>
  <testcase classname="testng_extra.SampleTest" name="chrome" time="5.484"/>
  <testcase classname="testng_extra.SampleTest" name="chrome" time="5.542"/>
  <testcase classname="testng_extra.SampleTest" name="chrome" time="5.455"/>
  <testcase classname="testng_extra.SampleTest" name="chrome" time="7.179"/>
  <testcase classname="testng_extra.SampleTest" name="chrome" time="5.434"/>
  <testcase classname="testng_extra.SampleTest" name="chrome" time="7.179"/>
  <testcase classname="testng_extra.SampleTest" name="chrome" time="5.929"/>
  <testcase classname="testng_extra.SampleTest" name="chrome" time="6.200"/>
  <testcase classname="testng_extra.SampleTest" name="chrome" time="6.386"/>
</testsuite> <!-- testng_extra.SampleTest -->
