<?xml version="1.0" encoding="UTF-8"?>
<!-- Generated by org.testng.reporters.JUnitReportReporter -->
<testsuite hostname="TYSS-Piyush-Baldaniya" failures="0" tests="3" name="type_of_execution.LeadTest" time="17.706" errors="0" timestamp="2026-05-04T14:20:38 IST" skipped="0">
  <testcase classname="type_of_execution.LeadTest" name="createLeadTest" time="6.976"/>
  <testcase classname="type_of_execution.LeadTest" name="modifyLeadTest" time="5.252"/>
  <testcase classname="type_of_execution.LeadTest" name="deleteLeadTest" time="5.478"/>
</testsuite> <!-- type_of_execution.LeadTest -->
