<?xml version="1.0" encoding="UTF-8"?>
<!-- Generated by org.testng.reporters.JUnitReportReporter -->
<testsuite hostname="TYSS-Piyush-Baldaniya" failures="0" tests="3" name="type_of_execution.OrgTest" time="0.013" errors="0" timestamp="2026-04-30T14:58:09 IST" skipped="0">
  <testcase classname="type_of_execution.OrgTest" name="deleteOrgTest" time="0.002"/>
  <testcase classname="type_of_execution.OrgTest" name="createOrgTest" time="0.009"/>
  <testcase classname="type_of_execution.OrgTest" name="modifyOrgTest" time="0.002"/>
</testsuite> <!-- type_of_execution.OrgTest -->
