<?xml version="1.0" encoding="UTF-8"?>
<!-- Generated by org.testng.reporters.JUnitReportReporter -->
<testsuite hostname="TYSS-Piyush-Baldaniya" failures="0" tests="3" name="learning_advance_reports.OrgTest" time="44.966" errors="0" timestamp="2026-05-14T13:46:28 IST" skipped="0">
  <testcase classname="learning_advance_reports.OrgTest" name="createOrgTest" time="32.286"/>
  <testcase classname="learning_advance_reports.OrgTest" name="modifyOrgTest" time="6.837"/>
  <testcase classname="learning_advance_reports.OrgTest" name="deleteOrgTest" time="5.843"/>
</testsuite> <!-- learning_advance_reports.OrgTest -->
