<?xml version="1.0" encoding="UTF-8"?>
<!-- Generated by org.testng.reporters.JUnitReportReporter -->
<testsuite hostname="TYSS-Piyush-Baldaniya" failures="0" tests="15" name="testng_extra.LearningDataProvider" time="77.954" errors="0" timestamp="2026-04-29T14:07:00 IST" skipped="0">
  <testcase classname="testng_extra.LearningDataProvider" name="fbLogin" time="4.820"/>
  <testcase classname="testng_extra.LearningDataProvider" name="fbLogin" time="5.346"/>
  <testcase classname="testng_extra.LearningDataProvider" name="fbLogin" time="6.106"/>
  <testcase classname="testng_extra.LearningDataProvider" name="fbLogin" time="5.815"/>
  <testcase classname="testng_extra.LearningDataProvider" name="fbLogin" time="4.724"/>
  <testcase classname="testng_extra.LearningDataProvider" name="fbLogin" time="4.647"/>
  <testcase classname="testng_extra.LearningDataProvider" name="fbLogin" time="5.029"/>
  <testcase classname="testng_extra.LearningDataProvider" name="fbLogin" time="5.392"/>
  <testcase classname="testng_extra.LearningDataProvider" name="fbLogin" time="4.505"/>
  <testcase classname="testng_extra.LearningDataProvider" name="fbLogin" time="4.822"/>
  <testcase classname="testng_extra.LearningDataProvider" name="fbLogin" time="5.134"/>
  <testcase classname="testng_extra.LearningDataProvider" name="fbLogin" time="5.318"/>
  <testcase classname="testng_extra.LearningDataProvider" name="fbLogin" time="5.569"/>
  <testcase classname="testng_extra.LearningDataProvider" name="fbLogin" time="5.265"/>
  <testcase classname="testng_extra.LearningDataProvider" name="fbLogin" time="5.462"/>
</testsuite> <!-- testng_extra.LearningDataProvider -->
