<?xml version="1.0" encoding="UTF-8"?>
<!-- Generated by org.testng.reporters.JUnitReportReporter -->
<testsuite hostname="TYSS-Piyush-Baldaniya" failures="0" tests="3" name="execution.demo3" time="0.006" errors="0" timestamp="2026-05-05T14:11:01 IST" skipped="0">
  <testcase classname="execution.demo3" name="case3" time="0.002"/>
  <testcase classname="execution.demo3" name="case1" time="0.002"/>
  <testcase classname="execution.demo3" name="case2" time="0.002"/>
</testsuite> <!-- execution.demo3 -->
