<?xml version="1.0" encoding="UTF-8"?>
<!-- Generated by org.testng.reporters.JUnitReportReporter -->
<testsuite hostname="TYSS-Piyush-Baldaniya" failures="0" tests="1" name="testng_extra.DemoTest" time="2.764" errors="0" timestamp="2026-04-27T13:48:50 IST" skipped="0">
  <testcase classname="testng_extra.DemoTest" name="case2" time="2.764">
    <system-out>
      <![CDATA[hi]]>
    </system-out>
  </testcase> <!-- case2 -->
  <system-out>
    <![CDATA[hi]]>
  </system-out>
</testsuite> <!-- testng_extra.DemoTest -->
