<?xml version="1.0" encoding="UTF-8"?>
<!-- Generated by org.testng.reporters.JUnitReportReporter -->
<testsuite hostname="TYSS-Piyush-Baldaniya" failures="0" tests="3" name="type_of_execution.OpenBrowser" time="45.479" errors="0" timestamp="2026-05-04T14:50:06 IST" skipped="0">
  <testcase classname="type_of_execution.OpenBrowser" name="openBro" time="18.714"/>
  <testcase classname="type_of_execution.OpenBrowser" name="openBro" time="13.410"/>
  <testcase classname="type_of_execution.OpenBrowser" name="openBro" time="13.355"/>
</testsuite> <!-- type_of_execution.OpenBrowser -->
