<?xml version="1.0" encoding="UTF-8"?>
<testng-results ignored="0" total="9" passed="9" failed="0" skipped="0">
  <reporter-output>
  </reporter-output>
  <suite started-at="2026-05-05T14:11:01 IST" name="Suite" finished-at="2026-05-05T14:11:01 IST" duration-ms="93">
    <groups>
    </groups>
    <test started-at="2026-05-05T14:11:01 IST" name="Test" finished-at="2026-05-05T14:11:01 IST" duration-ms="93">
      <class name="execution.demo3">
        <test-method signature="case1()[pri:0, instance:execution.demo3@f381794]" started-at="2026-05-05T14:11:01 IST" name="case1" finished-at="2026-05-05T14:11:01 IST" duration-ms="2" status="PASS">
          <reporter-output>
          </reporter-output>
        </test-method> <!-- case1 -->
        <test-method signature="case2()[pri:0, instance:execution.demo3@f381794]" started-at="2026-05-05T14:11:01 IST" name="case2" finished-at="2026-05-05T14:11:01 IST" duration-ms="2" status="PASS">
          <reporter-output>
          </reporter-output>
        </test-method> <!-- case2 -->
        <test-method signature="case3()[pri:0, instance:execution.demo3@f381794]" started-at="2026-05-05T14:11:01 IST" name="case3" finished-at="2026-05-05T14:11:01 IST" duration-ms="2" status="PASS">
          <reporter-output>
          </reporter-output>
        </test-method> <!-- case3 -->
      </class> <!-- execution.demo3 -->
      <class name="execution.demo1">
        <test-method signature="case1()[pri:0, instance:execution.demo1@4f67eb2a]" started-at="2026-05-05T14:11:01 IST" name="case1" finished-at="2026-05-05T14:11:01 IST" duration-ms="9" status="PASS">
          <reporter-output>
          </reporter-output>
        </test-method> <!-- case1 -->
        <test-method signature="case2()[pri:0, instance:execution.demo1@4f67eb2a]" started-at="2026-05-05T14:11:01 IST" name="case2" finished-at="2026-05-05T14:11:01 IST" duration-ms="2" status="PASS">
          <reporter-output>
          </reporter-output>
        </test-method> <!-- case2 -->
        <test-method signature="case3()[pri:0, instance:execution.demo1@4f67eb2a]" started-at="2026-05-05T14:11:01 IST" name="case3" finished-at="2026-05-05T14:11:01 IST" duration-ms="1" status="PASS">
          <reporter-output>
          </reporter-output>
        </test-method> <!-- case3 -->
      </class> <!-- execution.demo1 -->
      <class name="execution.demo2">
        <test-method signature="case1()[pri:0, instance:execution.demo2@6c779568]" started-at="2026-05-05T14:11:01 IST" name="case1" finished-at="2026-05-05T14:11:01 IST" duration-ms="3" status="PASS">
          <reporter-output>
          </reporter-output>
        </test-method> <!-- case1 -->
        <test-method signature="case2()[pri:0, instance:execution.demo2@6c779568]" started-at="2026-05-05T14:11:01 IST" name="case2" finished-at="2026-05-05T14:11:01 IST" duration-ms="3" status="PASS">
          <reporter-output>
          </reporter-output>
        </test-method> <!-- case2 -->
        <test-method signature="case3()[pri:0, instance:execution.demo2@6c779568]" started-at="2026-05-05T14:11:01 IST" name="case3" finished-at="2026-05-05T14:11:01 IST" duration-ms="2" status="PASS">
          <reporter-output>
          </reporter-output>
        </test-method> <!-- case3 -->
      </class> <!-- execution.demo2 -->
    </test> <!-- Test -->
  </suite> <!-- Suite -->
</testng-results>
