<?xml version="1.0" encoding="UTF-8"?>
<!-- Generated by org.testng.reporters.JUnitXMLReporter -->
<testsuite ignored="0" hostname="TYSS-Piyush-Baldaniya" failures="0" tests="3" name="TestRunner2" time="18.701" errors="0" timestamp="2026-05-04T14:20:38 IST">
  <testcase classname="type_of_execution.ContactTest" name="createContactTest" time="6.885"/>
  <testcase classname="type_of_execution.ContactTest" name="deleteContactTest" time="5.717"/>
  <testcase classname="type_of_execution.ContactTest" name="modifyContactTest" time="6.029"/>
</testsuite> <!-- TestRunner2 -->
