<?xml version="1.0" encoding="UTF-8"?>
<!-- Generated by org.testng.reporters.JUnitXMLReporter -->
<testsuite ignored="0" hostname="TYSS-Piyush-Baldaniya" failures="0" tests="9" name="TestRunner" time="39.12" errors="0" timestamp="2026-05-04T14:00:19 IST">
  <testcase classname="type_of_execution.OrgTest" name="createOrgTest" time="4.841"/>
  <testcase classname="type_of_execution.OrgTest" name="deleteOrgTest" time="4.229"/>
  <testcase classname="type_of_execution.OrgTest" name="modifyOrgTest" time="4.411"/>
  <testcase classname="type_of_execution.ContactTest" name="createContactTest" time="4.29"/>
  <testcase classname="type_of_execution.ContactTest" name="deleteContactTest" time="4.281"/>
  <testcase classname="type_of_execution.ContactTest" name="modifyContactTest" time="4.211"/>
  <testcase classname="type_of_execution.LeadTest" name="createLeadTest" time="4.305"/>
  <testcase classname="type_of_execution.LeadTest" name="deleteLeadTest" time="4.183"/>
  <testcase classname="type_of_execution.LeadTest" name="modifyLeadTest" time="4.281"/>
</testsuite> <!-- TestRunner -->
