<?xml version="1.0" encoding="UTF-8"?>
<!-- Generated by org.testng.reporters.JUnitXMLReporter -->
<testsuite ignored="0" hostname="TYSS-Piyush-Baldaniya" failures="0" tests="3" name="TestRunner5" time="32.622" errors="0" timestamp="2026-05-04T14:05:06 IST">
  <testcase classname="type_of_execution.OrgTest" name="createOrgTest" time="11.012"/>
  <testcase classname="type_of_execution.OrgTest" name="deleteOrgTest" time="10.965"/>
  <testcase classname="type_of_execution.OrgTest" name="modifyOrgTest" time="10.536"/>
</testsuite> <!-- TestRunner5 -->
