<?xml version="1.0" encoding="UTF-8"?>
<!-- Generated by org.testng.reporters.JUnitXMLReporter -->
<testsuite ignored="0" hostname="TYSS-Piyush-Baldaniya" failures="0" tests="3" name="TestRunner3" time="17.779" errors="0" timestamp="2026-05-04T14:20:37 IST">
  <testcase classname="type_of_execution.LeadTest" name="createLeadTest" time="6.976"/>
  <testcase classname="type_of_execution.LeadTest" name="deleteLeadTest" time="5.478"/>
  <testcase classname="type_of_execution.LeadTest" name="modifyLeadTest" time="5.252"/>
</testsuite> <!-- TestRunner3 -->
