<?xml version="1.0" encoding="UTF-8"?>
<!-- Generated by org.testng.reporters.JUnitXMLReporter -->
<testsuite ignored="0" hostname="TYSS-Piyush-Baldaniya" failures="0" tests="3" name="TestRunner4" time="31.605" errors="0" timestamp="2026-05-04T14:05:05 IST">
  <testcase classname="type_of_execution.OrgTest" name="createOrgTest" time="11.2"/>
  <testcase classname="type_of_execution.OrgTest" name="deleteOrgTest" time="10.448"/>
  <testcase classname="type_of_execution.OrgTest" name="modifyOrgTest" time="9.844"/>
</testsuite> <!-- TestRunner4 -->
