<?xml version="1.0" encoding="UTF-8"?>
<!-- Generated by org.testng.reporters.JUnitXMLReporter -->
<testsuite ignored="0" hostname="TYSS-Piyush-Baldaniya" failures="0" tests="3" name="TestRunner1" time="18.742" errors="0" timestamp="2026-05-04T14:20:38 IST">
  <testcase classname="type_of_execution.OrgTest" name="createOrgTest" time="6.919"/>
  <testcase classname="type_of_execution.OrgTest" name="deleteOrgTest" time="5.883"/>
  <testcase classname="type_of_execution.OrgTest" name="modifyOrgTest" time="5.874"/>
</testsuite> <!-- TestRunner1 -->
