<?xml version="1.0" encoding="UTF-8"?>
<!-- Generated by org.testng.reporters.JUnitXMLReporter -->
<testsuite ignored="4" hostname="TYSS-Piyush-Baldaniya" failures="0" tests="5" name="Test" time="0.076" errors="0" timestamp="2026-04-30T14:58:09 IST">
  <testcase classname="type_of_execution.OrgTest" name="createOrgTest" time="0.009"/>
  <testcase classname="type_of_execution.OrgTest" name="deleteOrgTest" time="0.002"/>
  <testcase classname="type_of_execution.OrgTest" name="modifyOrgTest" time="0.002"/>
  <testcase classname="type_of_execution.ContactTest" name="createContactTest" time="0.001"/>
  <testcase classname="type_of_execution.LeadTest" name="createLeadTest" time="0.002"/>
  <testcase classname="type_of_execution.LeadTest" name="deleteLeadTest" time="0.0">
    <ignored/>
  </testcase> <!-- deleteLeadTest -->
  <testcase classname="type_of_execution.ContactTest" name="modifyContactTest" time="0.0">
    <ignored/>
  </testcase> <!-- modifyContactTest -->
  <testcase classname="type_of_execution.LeadTest" name="modifyLeadTest" time="0.0">
    <ignored/>
  </testcase> <!-- modifyLeadTest -->
  <testcase classname="type_of_execution.ContactTest" name="deleteContactTest" time="0.0">
    <ignored/>
  </testcase> <!-- deleteContactTest -->
</testsuite> <!-- Test -->
