<?xml version="1.0" encoding="UTF-8"?>
<!-- Generated by org.testng.reporters.JUnitXMLReporter -->
<testsuite ignored="0" hostname="TYSS-Piyush-Baldaniya" failures="0" tests="3" name="Test" time="0.15" errors="0" timestamp="2026-05-07T14:00:42 IST">
  <testcase classname="learning_annotations.LeadsTest" name="createLeadTest" time="0.015"/>
  <testcase classname="learning_annotations.OrgTest" name="createOrgTest" time="0.002"/>
  <testcase classname="learning_annotations.ContactTest" name="createContactTest" time="0.005"/>
</testsuite> <!-- Test -->
